[2018-11-02 14:55:23] flutterwave/rave.NOTICE: Generating Reference Number.... [] []
[2018-11-02 14:55:23] flutterwave/rave.NOTICE: Generated Reference Number....staging_5bdc574b6ff82 [] []
[2018-11-02 14:55:23] flutterwave/rave.NOTICE: Rave Class Initializes.... [] []
[2018-11-02 14:55:23] flutterwave/rave.NOTICE: Getting transfer balance... [] []
[2018-11-02 14:55:54] flutterwave/rave.NOTICE: Generating Reference Number.... [] []
[2018-11-02 14:55:54] flutterwave/rave.NOTICE: Generated Reference Number....staging_5bdc576acb102 [] []
[2018-11-02 14:55:54] flutterwave/rave.NOTICE: Rave Class Initializes.... [] []
[2018-11-02 14:55:54] flutterwave/rave.NOTICE: Getting transfer balance... [] []
[2018-11-02 14:55:57] flutterwave/rave.NOTICE: Generating Reference Number.... [] []
[2018-11-02 14:55:57] flutterwave/rave.NOTICE: Generated Reference Number....staging_5bdc576d562b6 [] []
[2018-11-02 14:55:57] flutterwave/rave.NOTICE: Rave Class Initializes.... [] []
[2018-11-02 14:55:57] flutterwave/rave.NOTICE: Processing bulk transfer... [] []
[2018-11-02 15:00:00] flutterwave/rave.NOTICE: Generating Reference Number.... [] []
[2018-11-02 15:00:00] flutterwave/rave.NOTICE: Generated Reference Number....staging_5bdc5860be96a [] []
[2018-11-02 15:00:00] flutterwave/rave.NOTICE: Rave Class Initializes.... [] []
[2018-11-02 15:00:00] flutterwave/rave.NOTICE: Getting transfer balance... [] []
[2018-11-02 15:00:03] flutterwave/rave.NOTICE: Generating Reference Number.... [] []
[2018-11-02 15:00:03] flutterwave/rave.NOTICE: Generated Reference Number....staging_5bdc586311579 [] []
[2018-11-02 15:00:03] flutterwave/rave.NOTICE: Rave Class Initializes.... [] []
[2018-11-02 15:00:03] flutterwave/rave.NOTICE: Processing bulk transfer... [] []
[2018-11-02 15:53:44] flutterwave/rave.NOTICE: Generating Reference Number.... [] []
[2018-11-02 15:53:44] flutterwave/rave.NOTICE: Generated Reference Number....staging_5bdc64f87673f [] []
[2018-11-02 15:53:44] flutterwave/rave.NOTICE: Rave Class Initializes.... [] []
[2018-11-02 15:53:44] flutterwave/rave.NOTICE: Getting transfer balance... [] []
[2018-11-02 15:53:46] flutterwave/rave.NOTICE: Generating Reference Number.... [] []
[2018-11-02 15:53:46] flutterwave/rave.NOTICE: Generated Reference Number....staging_5bdc64faaa703 [] []
[2018-11-02 15:53:46] flutterwave/rave.NOTICE: Rave Class Initializes.... [] []
[2018-11-02 15:53:46] flutterwave/rave.NOTICE: Processing transfer... [] []
[2018-11-02 15:54:08] flutterwave/rave.NOTICE: Generating Reference Number.... [] []
[2018-11-02 15:54:08] flutterwave/rave.NOTICE: Generated Reference Number....staging_5bdc651019591 [] []
[2018-11-02 15:54:08] flutterwave/rave.NOTICE: Rave Class Initializes.... [] []
[2018-11-02 15:54:08] flutterwave/rave.NOTICE: Getting transfer balance... [] []
[2018-11-02 15:54:10] flutterwave/rave.NOTICE: Generating Reference Number.... [] []
[2018-11-02 15:54:10] flutterwave/rave.NOTICE: Generated Reference Number....staging_5bdc65128c065 [] []
[2018-11-02 15:54:10] flutterwave/rave.NOTICE: Rave Class Initializes.... [] []
[2018-11-02 15:54:10] flutterwave/rave.NOTICE: Processing transfer... [] []
[2018-11-02 15:54:46] flutterwave/rave.NOTICE: Generating Reference Number.... [] []
[2018-11-02 15:54:46] flutterwave/rave.NOTICE: Generated Reference Number....staging_5bdc65366d1ad [] []
[2018-11-02 15:54:46] flutterwave/rave.NOTICE: Rave Class Initializes.... [] []
[2018-11-02 15:54:46] flutterwave/rave.NOTICE: Getting transfer balance... [] []
[2018-11-02 15:54:48] flutterwave/rave.NOTICE: Generating Reference Number.... [] []
[2018-11-02 15:54:48] flutterwave/rave.NOTICE: Generated Reference Number....staging_5bdc6538d8b00 [] []
[2018-11-02 15:54:48] flutterwave/rave.NOTICE: Rave Class Initializes.... [] []
[2018-11-02 15:54:48] flutterwave/rave.NOTICE: Processing bulk transfer... [] []
[2018-11-02 16:00:09] flutterwave/rave.NOTICE: Generating Reference Number.... [] []
[2018-11-02 16:00:09] flutterwave/rave.NOTICE: Generated Reference Number....staging_5bdc66799eaa3 [] []
[2018-11-02 16:00:09] flutterwave/rave.NOTICE: Rave Class Initializes.... [] []
[2018-11-02 16:00:09] flutterwave/rave.NOTICE: Getting transfer balance... [] []
[2018-11-02 16:00:15] flutterwave/rave.NOTICE: Generating Reference Number.... [] []
[2018-11-02 16:00:15] flutterwave/rave.NOTICE: Generated Reference Number....staging_5bdc667fc983c [] []
[2018-11-02 16:00:15] flutterwave/rave.NOTICE: Rave Class Initializes.... [] []
[2018-11-02 16:00:15] flutterwave/rave.NOTICE: Processing bulk transfer... [] []
[2018-11-02 16:09:25] flutterwave/rave.NOTICE: Generating Reference Number.... [] []
[2018-11-02 16:09:25] flutterwave/rave.NOTICE: Generated Reference Number....staging_5bdc68a57552b [] []
[2018-11-02 16:09:25] flutterwave/rave.NOTICE: Rave Class Initializes.... [] []
[2018-11-02 16:09:25] flutterwave/rave.NOTICE: Getting transfer balance... [] []
[2018-11-02 16:09:28] flutterwave/rave.NOTICE: Generating Reference Number.... [] []
[2018-11-02 16:09:28] flutterwave/rave.NOTICE: Generated Reference Number....staging_5bdc68a896a71 [] []
[2018-11-02 16:09:28] flutterwave/rave.NOTICE: Rave Class Initializes.... [] []
[2018-11-02 16:09:28] flutterwave/rave.NOTICE: Processing bulk transfer... [] []
[2018-11-02 16:11:56] flutterwave/rave.NOTICE: Generating Reference Number.... [] []
[2018-11-02 16:11:56] flutterwave/rave.NOTICE: Generated Reference Number....staging_5bdc693cb6259 [] []
[2018-11-02 16:11:56] flutterwave/rave.NOTICE: Rave Class Initializes.... [] []
[2018-11-02 16:11:56] flutterwave/rave.NOTICE: Getting transfer balance... [] []
[2018-11-02 16:11:59] flutterwave/rave.NOTICE: Generating Reference Number.... [] []
[2018-11-02 16:11:59] flutterwave/rave.NOTICE: Generated Reference Number....staging_5bdc693f9dca1 [] []
[2018-11-02 16:11:59] flutterwave/rave.NOTICE: Rave Class Initializes.... [] []
[2018-11-02 16:11:59] flutterwave/rave.NOTICE: Processing bulk transfer... [] []
[2018-11-02 16:12:27] flutterwave/rave.NOTICE: Generating Reference Number.... [] []
[2018-11-02 16:12:27] flutterwave/rave.NOTICE: Generated Reference Number....staging_5bdc695bf2ca9 [] []
[2018-11-02 16:12:27] flutterwave/rave.NOTICE: Rave Class Initializes.... [] []
[2018-11-02 16:12:27] flutterwave/rave.NOTICE: Getting transfer balance... [] []
[2018-11-02 16:13:00] flutterwave/rave.NOTICE: Generating Reference Number.... [] []
[2018-11-02 16:13:00] flutterwave/rave.NOTICE: Generated Reference Number....staging_5bdc697c25198 [] []
[2018-11-02 16:13:00] flutterwave/rave.NOTICE: Rave Class Initializes.... [] []
[2018-11-02 16:13:00] flutterwave/rave.NOTICE: Getting transfer balance... [] []
[2018-11-02 16:13:03] flutterwave/rave.NOTICE: Generating Reference Number.... [] []
[2018-11-02 16:13:03] flutterwave/rave.NOTICE: Generated Reference Number....staging_5bdc697f3cb62 [] []
[2018-11-02 16:13:03] flutterwave/rave.NOTICE: Rave Class Initializes.... [] []
[2018-11-02 16:13:03] flutterwave/rave.NOTICE: Processing bulk transfer... [] []
[2018-11-02 16:25:26] flutterwave/rave.NOTICE: Generating Reference Number.... [] []
[2018-11-02 16:25:26] flutterwave/rave.NOTICE: Generated Reference Number....staging_5bdc6c66ae6bc [] []
[2018-11-02 16:25:26] flutterwave/rave.NOTICE: Rave Class Initializes.... [] []
[2018-11-02 16:25:26] flutterwave/rave.NOTICE: Getting transfer balance... [] []
[2018-11-02 16:28:03] flutterwave/rave.NOTICE: Generating Reference Number.... [] []
[2018-11-02 16:28:03] flutterwave/rave.NOTICE: Generated Reference Number....staging_5bdc6d031ea5a [] []
[2018-11-02 16:28:03] flutterwave/rave.NOTICE: Rave Class Initializes.... [] []
[2018-11-02 16:28:03] flutterwave/rave.NOTICE: Getting transfer balance... [] []
[2018-11-02 16:28:06] flutterwave/rave.NOTICE: Generating Reference Number.... [] []
[2018-11-02 16:28:06] flutterwave/rave.NOTICE: Generated Reference Number....staging_5bdc6d066b8e7 [] []
[2018-11-02 16:28:06] flutterwave/rave.NOTICE: Rave Class Initializes.... [] []
[2018-11-02 16:28:06] flutterwave/rave.NOTICE: Processing bulk transfer... [] []
[2018-11-02 16:32:54] flutterwave/rave.NOTICE: Generating Reference Number.... [] []
[2018-11-02 16:32:54] flutterwave/rave.NOTICE: Generated Reference Number....staging_5bdc6e26388b2 [] []
[2018-11-02 16:32:54] flutterwave/rave.NOTICE: Rave Class Initializes.... [] []
[2018-11-02 16:32:54] flutterwave/rave.NOTICE: Getting transfer balance... [] []
[2018-11-02 16:33:10] flutterwave/rave.NOTICE: Generating Reference Number.... [] []
[2018-11-02 16:33:10] flutterwave/rave.NOTICE: Generated Reference Number....staging_5bdc6e36d4edf [] []
[2018-11-02 16:33:10] flutterwave/rave.NOTICE: Rave Class Initializes.... [] []
[2018-11-02 16:33:10] flutterwave/rave.NOTICE: Getting transfer balance... [] []
[2018-11-02 16:33:13] flutterwave/rave.NOTICE: Generating Reference Number.... [] []
[2018-11-02 16:33:13] flutterwave/rave.NOTICE: Generated Reference Number....staging_5bdc6e39c9092 [] []
[2018-11-02 16:33:13] flutterwave/rave.NOTICE: Rave Class Initializes.... [] []
[2018-11-02 16:33:13] flutterwave/rave.NOTICE: Processing bulk transfer... [] []
[2018-11-02 17:06:45] flutterwave/rave.NOTICE: Generating Reference Number.... [] []
[2018-11-02 17:06:45] flutterwave/rave.NOTICE: Generated Reference Number....staging_5bdc7615cc8d2 [] []
[2018-11-02 17:06:45] flutterwave/rave.NOTICE: Rave Class Initializes.... [] []
[2018-11-02 17:06:45] flutterwave/rave.NOTICE: Getting transfer balance... [] []
[2018-11-02 17:06:49] flutterwave/rave.NOTICE: Generating Reference Number.... [] []
[2018-11-02 17:06:49] flutterwave/rave.NOTICE: Generated Reference Number....staging_5bdc7619091bb [] []
[2018-11-02 17:06:49] flutterwave/rave.NOTICE: Rave Class Initializes.... [] []
[2018-11-02 17:06:49] flutterwave/rave.NOTICE: Processing bulk transfer... [] []
[2018-11-02 17:29:10] flutterwave/rave.NOTICE: Generating Reference Number.... [] []
[2018-11-02 17:29:10] flutterwave/rave.NOTICE: Generated Reference Number....staging_5bdc7b5688380 [] []
[2018-11-02 17:29:10] flutterwave/rave.NOTICE: Rave Class Initializes.... [] []
[2018-11-02 17:29:10] flutterwave/rave.NOTICE: Getting transfer balance... [] []
[2018-11-02 17:31:40] flutterwave/rave.NOTICE: Generating Reference Number.... [] []
[2018-11-02 17:31:40] flutterwave/rave.NOTICE: Generated Reference Number....staging_5bdc7becc5f67 [] []
[2018-11-02 17:31:40] flutterwave/rave.NOTICE: Rave Class Initializes.... [] []
[2018-11-02 17:31:40] flutterwave/rave.NOTICE: Getting transfer balance... [] []
[2018-11-02 17:31:43] flutterwave/rave.NOTICE: Generating Reference Number.... [] []
[2018-11-02 17:31:43] flutterwave/rave.NOTICE: Generated Reference Number....staging_5bdc7bef4d008 [] []
[2018-11-02 17:31:43] flutterwave/rave.NOTICE: Rave Class Initializes.... [] []
[2018-11-02 17:31:43] flutterwave/rave.NOTICE: Processing bulk transfer... [] []
