[2018-11-01 16:11:45] flutterwave/rave.NOTICE: Generating Reference Number.... [] []
[2018-11-01 16:11:45] flutterwave/rave.NOTICE: Generated Reference Number....staging_5bdb17b105bc4 [] []
[2018-11-01 16:11:45] flutterwave/rave.NOTICE: Rave Class Initializes.... [] []
[2018-11-01 16:11:45] flutterwave/rave.NOTICE: Getting transfer balance... [] []
[2018-11-01 16:14:59] flutterwave/rave.NOTICE: Generating Reference Number.... [] []
[2018-11-01 16:14:59] flutterwave/rave.NOTICE: Generated Reference Number....staging_5bdb18737363a [] []
[2018-11-01 16:14:59] flutterwave/rave.NOTICE: Rave Class Initializes.... [] []
[2018-11-01 16:14:59] flutterwave/rave.NOTICE: Getting transfer balance... [] []
[2018-11-01 16:16:44] flutterwave/rave.NOTICE: Generating Reference Number.... [] []
[2018-11-01 16:16:44] flutterwave/rave.NOTICE: Generated Reference Number....staging_5bdb18dc12dc5 [] []
[2018-11-01 16:16:44] flutterwave/rave.NOTICE: Rave Class Initializes.... [] []
[2018-11-01 16:16:44] flutterwave/rave.NOTICE: Getting transfer balance... [] []
[2018-11-01 16:17:09] flutterwave/rave.NOTICE: Generating Reference Number.... [] []
[2018-11-01 16:17:09] flutterwave/rave.NOTICE: Generated Reference Number....staging_5bdb18f5a2b60 [] []
[2018-11-01 16:17:09] flutterwave/rave.NOTICE: Rave Class Initializes.... [] []
[2018-11-01 16:17:09] flutterwave/rave.NOTICE: Getting transfer balance... [] []
[2018-11-01 16:23:49] flutterwave/rave.NOTICE: Generating Reference Number.... [] []
[2018-11-01 16:23:49] flutterwave/rave.NOTICE: Generated Reference Number....live_5bdb1a858955c [] []
[2018-11-01 16:23:49] flutterwave/rave.NOTICE: Rave Class Initializes.... [] []
[2018-11-01 16:23:49] flutterwave/rave.NOTICE: Getting transfer balance... [] []
[2018-11-01 16:25:30] flutterwave/rave.NOTICE: Generating Reference Number.... [] []
[2018-11-01 16:25:30] flutterwave/rave.NOTICE: Generated Reference Number....live_5bdb1aea75860 [] []
[2018-11-01 16:25:30] flutterwave/rave.NOTICE: Rave Class Initializes.... [] []
[2018-11-01 16:25:30] flutterwave/rave.NOTICE: Getting transfer balance... [] []
[2018-11-01 16:27:20] flutterwave/rave.NOTICE: Generating Reference Number.... [] []
[2018-11-01 16:27:20] flutterwave/rave.NOTICE: Generated Reference Number....staging_5bdb1b585e894 [] []
[2018-11-01 16:27:20] flutterwave/rave.NOTICE: Rave Class Initializes.... [] []
[2018-11-01 16:27:20] flutterwave/rave.NOTICE: Getting transfer balance... [] []
[2018-11-01 16:59:09] flutterwave/rave.NOTICE: Generating Reference Number.... [] []
[2018-11-01 16:59:09] flutterwave/rave.NOTICE: Generated Reference Number....staging_5bdb22cd66a2e [] []
[2018-11-01 16:59:09] flutterwave/rave.NOTICE: Rave Class Initializes.... [] []
[2018-11-01 16:59:09] flutterwave/rave.NOTICE: Getting transfer balance... [] []
[2018-11-01 17:11:23] flutterwave/rave.NOTICE: Generating Reference Number.... [] []
[2018-11-01 17:11:23] flutterwave/rave.NOTICE: Generated Reference Number....staging_5bdb25ab1ab82 [] []
[2018-11-01 17:11:23] flutterwave/rave.NOTICE: Rave Class Initializes.... [] []
[2018-11-01 17:11:23] flutterwave/rave.NOTICE: Getting transfer balance... [] []
